<?xml version="1.0" encoding="UTF-8"?>
<!-- Generated by org.testng.reporters.JUnitXMLReporter -->
<testsuite ignored="2" hostname="fedora" failures="0" tests="4" name="Test" time="25.61" errors="0" timestamp="2023-04-03T13:17:57 IST">
  <testcase classname="com.login.functionality.LoginFunctionality" name="enterValidUsernameAndPassword" time="1.199"/>
  <testcase classname="com.login.functionality.LoginFunctionality" name="enterValidUsernameAndPassword" time="1.082"/>
  <testcase classname="com.login.functionality.LoginFunctionality" name="enterValidUsernameAndPassword" time="6.205"/>
  <testcase classname="com.login.functionality.LoginFunctionality" name="enterValidUsernameInvalidPassword" time="0.753">
    <skipped/>
  </testcase> <!-- enterValidUsernameInvalidPassword -->
  <testcase classname="com.login.functionality.LoginFunctionality" name="enterInvalidUsernameValidPassword" time="0.0">
    <ignored/>
  </testcase> <!-- enterInvalidUsernameValidPassword -->
  <testcase classname="com.login.functionality.LoginFunctionality" name="enterInvalidUsernameInvalidPassword" time="0.0">
    <ignored/>
  </testcase> <!-- enterInvalidUsernameInvalidPassword -->
</testsuite> <!-- Test -->
