<?xml version="1.0" encoding="UTF-8"?>
<!-- Generated by org.testng.reporters.JUnitXMLReporter -->
<testsuite ignored="3" hostname="fedora" failures="0" tests="3" name="GRP-smoke" time="21.894" errors="0" timestamp="2023-04-03T12:31:30 IST">
  <testcase classname="com.login.functionality.LoginFunctionality" name="enterValidUsernameAndPassword" time="1.479"/>
  <testcase classname="com.login.functionality.LoginFunctionality" name="enterValidUsernameAndPassword" time="1.108"/>
  <testcase classname="com.login.functionality.LoginFunctionality" name="enterValidUsernameAndPassword" time="6.199"/>
  <testcase classname="com.login.functionality.LoginFunctionality" name="enterInvalidUsernameValidPassword" time="0.0">
    <ignored/>
  </testcase> <!-- enterInvalidUsernameValidPassword -->
  <testcase classname="com.login.functionality.LoginFunctionality" name="enterInvalidUsernameInvalidPassword" time="0.0">
    <ignored/>
  </testcase> <!-- enterInvalidUsernameInvalidPassword -->
  <testcase classname="com.login.functionality.LoginFunctionality" name="enterValidUsernameInvalidPassword" time="0.0">
    <ignored/>
  </testcase> <!-- enterValidUsernameInvalidPassword -->
</testsuite> <!-- GRP-smoke -->
