<?xml version="1.0" encoding="UTF-8"?>
<!-- Generated by org.testng.reporters.JUnitXMLReporter -->
<testsuite ignored="1" hostname="192.168.1.45" failures="0" tests="3" name="GRP-smoketest,bvt" time="12.272" errors="0" timestamp="2023-03-29T16:54:37 IST">
  <testcase classname="com.login.functionality.LoginFunctionality" name="enterValidUsernameAndPassword" time="1.178"/>
  <testcase classname="com.login.functionality.LoginFunctionality" name="enterValidUsernameInvalidPassword" time="0.769"/>
  <testcase classname="com.login.functionality.LoginFunctionality" name="enterInvalidUsernameInvalidPassword" time="0.746"/>
  <testcase classname="com.login.functionality.LoginFunctionality" name="enterInvalidUsernameValidPassword" time="0.0">
    <ignored/>
  </testcase> <!-- enterInvalidUsernameValidPassword -->
</testsuite> <!-- GRP-smoketest,bvt -->
