<?xml version="1.0" encoding="UTF-8"?>
<testng-results ignored="3" total="7" passed="3" failed="1" skipped="0">
  <reporter-output>
  </reporter-output>
  <suite started-at="2023-04-17T11:04:53 IST" name="selecting the browser from Testng.xml" finished-at="2023-04-17T11:05:21 IST" duration-ms="28427">
    <groups>
      <group name="smoketest">
        <method signature="LoginWithParametersFromTestNGxml.enterValidUsernameAndPassword(java.lang.String,java.lang.String)[pri:1, instance:com.login.functionality.LoginWithParametersFromTestNGxml@1184ab05]" name="enterValidUsernameAndPassword" class="com.login.functionality.LoginWithParametersFromTestNGxml"/>
      </group> <!-- smoketest -->
    </groups>
    <test started-at="2023-04-17T11:04:53 IST" name="selecting the browser from Testng.xml" finished-at="2023-04-17T11:05:21 IST" duration-ms="28427">
      <class name="com.login.functionality.LoginWithParametersFromTestNGxml">
        <test-method is-config="true" signature="lauchChromeAndWebsite(java.lang.String)[pri:0, instance:com.login.functionality.LoginWithParametersFromTestNGxml@1184ab05]" started-at="2023-04-17T11:04:54 IST" name="lauchChromeAndWebsite" finished-at="2023-04-17T11:05:00 IST" duration-ms="5595" status="PASS">
          <params>
            <param index="0">
              <value>
                <![CDATA[chrome]]>
              </value>
            </param>
          </params>
          <reporter-output>
          </reporter-output>
        </test-method> <!-- lauchChromeAndWebsite -->
        <test-method signature="enterValidUsernameAndPassword(java.lang.String,java.lang.String)[pri:1, instance:com.login.functionality.LoginWithParametersFromTestNGxml@1184ab05]" started-at="2023-04-17T11:05:00 IST" name="enterValidUsernameAndPassword" data-provider="myDataProvider" finished-at="2023-04-17T11:05:01 IST" duration-ms="1321" status="PASS">
          <params>
            <param index="0">
              <value>
                <![CDATA[standard_user]]>
              </value>
            </param>
            <param index="1">
              <value>
                <![CDATA[secret_sauce]]>
              </value>
            </param>
          </params>
          <reporter-output>
          </reporter-output>
        </test-method> <!-- enterValidUsernameAndPassword -->
        <test-method is-config="true" signature="tearDown()[pri:0, instance:com.login.functionality.LoginWithParametersFromTestNGxml@1184ab05]" started-at="2023-04-17T11:05:01 IST" name="tearDown" finished-at="2023-04-17T11:05:01 IST" duration-ms="210" status="PASS">
          <reporter-output>
          </reporter-output>
        </test-method> <!-- tearDown -->
        <test-method is-config="true" signature="lauchChromeAndWebsite(java.lang.String)[pri:0, instance:com.login.functionality.LoginWithParametersFromTestNGxml@1184ab05]" started-at="2023-04-17T11:05:01 IST" name="lauchChromeAndWebsite" finished-at="2023-04-17T11:05:04 IST" duration-ms="2177" status="PASS">
          <params>
            <param index="0">
              <value>
                <![CDATA[chrome]]>
              </value>
            </param>
          </params>
          <reporter-output>
          </reporter-output>
        </test-method> <!-- lauchChromeAndWebsite -->
        <test-method signature="enterValidUsernameAndPassword(java.lang.String,java.lang.String)[pri:1, instance:com.login.functionality.LoginWithParametersFromTestNGxml@1184ab05]" started-at="2023-04-17T11:05:04 IST" name="enterValidUsernameAndPassword" data-provider="myDataProvider" finished-at="2023-04-17T11:05:05 IST" duration-ms="1072" status="PASS">
          <params>
            <param index="0">
              <value>
                <![CDATA[problem_user]]>
              </value>
            </param>
            <param index="1">
              <value>
                <![CDATA[secret_sauce]]>
              </value>
            </param>
          </params>
          <reporter-output>
          </reporter-output>
        </test-method> <!-- enterValidUsernameAndPassword -->
        <test-method is-config="true" signature="tearDown()[pri:0, instance:com.login.functionality.LoginWithParametersFromTestNGxml@1184ab05]" started-at="2023-04-17T11:05:05 IST" name="tearDown" finished-at="2023-04-17T11:05:05 IST" duration-ms="174" status="PASS">
          <reporter-output>
          </reporter-output>
        </test-method> <!-- tearDown -->
        <test-method is-config="true" signature="lauchChromeAndWebsite(java.lang.String)[pri:0, instance:com.login.functionality.LoginWithParametersFromTestNGxml@1184ab05]" started-at="2023-04-17T11:05:05 IST" name="lauchChromeAndWebsite" finished-at="2023-04-17T11:05:07 IST" duration-ms="1972" status="PASS">
          <params>
            <param index="0">
              <value>
                <![CDATA[chrome]]>
              </value>
            </param>
          </params>
          <reporter-output>
          </reporter-output>
        </test-method> <!-- lauchChromeAndWebsite -->
        <test-method signature="enterValidUsernameAndPassword(java.lang.String,java.lang.String)[pri:1, instance:com.login.functionality.LoginWithParametersFromTestNGxml@1184ab05]" started-at="2023-04-17T11:05:07 IST" name="enterValidUsernameAndPassword" data-provider="myDataProvider" finished-at="2023-04-17T11:05:13 IST" duration-ms="6114" status="PASS">
          <params>
            <param index="0">
              <value>
                <![CDATA[performance_glitch_user]]>
              </value>
            </param>
            <param index="1">
              <value>
                <![CDATA[secret_sauce]]>
              </value>
            </param>
          </params>
          <reporter-output>
          </reporter-output>
        </test-method> <!-- enterValidUsernameAndPassword -->
        <test-method is-config="true" signature="tearDown()[pri:0, instance:com.login.functionality.LoginWithParametersFromTestNGxml@1184ab05]" started-at="2023-04-17T11:05:13 IST" name="tearDown" finished-at="2023-04-17T11:05:13 IST" duration-ms="114" status="PASS">
          <reporter-output>
          </reporter-output>
        </test-method> <!-- tearDown -->
        <test-method is-config="true" signature="lauchChromeAndWebsite(java.lang.String)[pri:0, instance:com.login.functionality.LoginWithParametersFromTestNGxml@1184ab05]" started-at="2023-04-17T11:05:13 IST" name="lauchChromeAndWebsite" finished-at="2023-04-17T11:05:15 IST" duration-ms="1963" status="PASS">
          <params>
            <param index="0">
              <value>
                <![CDATA[chrome]]>
              </value>
            </param>
          </params>
          <reporter-output>
          </reporter-output>
        </test-method> <!-- lauchChromeAndWebsite -->
        <test-method signature="enterValidUsernameAndPassword(java.lang.String,java.lang.String)[pri:1, instance:com.login.functionality.LoginWithParametersFromTestNGxml@1184ab05]" started-at="2023-04-17T11:05:15 IST" name="enterValidUsernameAndPassword" data-provider="myDataProvider" finished-at="2023-04-17T11:05:21 IST" duration-ms="5708" status="FAIL">
          <params>
            <param index="0">
              <value>
                <![CDATA[Sudheer]]>
              </value>
            </param>
            <param index="1">
              <value>
                <![CDATA[Password]]>
              </value>
            </param>
          </params>
          <exception class="org.openqa.selenium.NoSuchElementException">
            <message>
              <![CDATA[no such element: Unable to locate element: {"method":"css selector","selector":"#react\-burger\-menu\-btn"}
  (Session info: chrome=112.0.5615.121)
For documentation on this error, please visit: https://selenium.dev/exceptions/#no_such_element
Build info: version: '4.8.3', revision: 'e5e76298c3'
System info: os.name: 'Linux', os.arch: 'amd64', os.version: '6.2.9-200.fc37.x86_64', java.version: '17.0.6'
Driver info: org.openqa.selenium.chrome.ChromeDriver
Command: [aac39ce4c53f894aeec86d3b6ac2da48, findElement {using=id, value=react-burger-menu-btn}]
Capabilities {acceptInsecureCerts: false, browserName: chrome, browserVersion: 112.0.5615.121, chrome: {chromedriverVersion: 112.0.5615.49 (bd2a7bcb881c..., userDataDir: /tmp/.com.google.Chrome.qUb0k3}, goog:chromeOptions: {debuggerAddress: localhost:35159}, networkConnectionEnabled: false, pageLoadStrategy: normal, platformName: LINUX, proxy: Proxy(), se:cdp: ws://localhost:35159/devtoo..., se:cdpVersion: 112.0.5615.121, setWindowRect: true, strictFileInteractability: false, timeouts: {implicit: 0, pageLoad: 300000, script: 30000}, unhandledPromptBehavior: dismiss and notify, webauthn:extension:credBlob: true, webauthn:extension:largeBlob: true, webauthn:extension:minPinLength: true, webauthn:extension:prf: true, webauthn:virtualAuthenticators: true}
Session ID: aac39ce4c53f894aeec86d3b6ac2da48]]>
            </message>
            <full-stacktrace>
              <![CDATA[org.openqa.selenium.NoSuchElementException: no such element: Unable to locate element: {"method":"css selector","selector":"#react\-burger\-menu\-btn"}
  (Session info: chrome=112.0.5615.121)
For documentation on this error, please visit: https://selenium.dev/exceptions/#no_such_element
Build info: version: '4.8.3', revision: 'e5e76298c3'
System info: os.name: 'Linux', os.arch: 'amd64', os.version: '6.2.9-200.fc37.x86_64', java.version: '17.0.6'
Driver info: org.openqa.selenium.chrome.ChromeDriver
Command: [aac39ce4c53f894aeec86d3b6ac2da48, findElement {using=id, value=react-burger-menu-btn}]
Capabilities {acceptInsecureCerts: false, browserName: chrome, browserVersion: 112.0.5615.121, chrome: {chromedriverVersion: 112.0.5615.49 (bd2a7bcb881c..., userDataDir: /tmp/.com.google.Chrome.qUb0k3}, goog:chromeOptions: {debuggerAddress: localhost:35159}, networkConnectionEnabled: false, pageLoadStrategy: normal, platformName: LINUX, proxy: Proxy(), se:cdp: ws://localhost:35159/devtoo..., se:cdpVersion: 112.0.5615.121, setWindowRect: true, strictFileInteractability: false, timeouts: {implicit: 0, pageLoad: 300000, script: 30000}, unhandledPromptBehavior: dismiss and notify, webauthn:extension:credBlob: true, webauthn:extension:largeBlob: true, webauthn:extension:minPinLength: true, webauthn:extension:prf: true, webauthn:virtualAuthenticators: true}
Session ID: aac39ce4c53f894aeec86d3b6ac2da48
at java.base/jdk.internal.reflect.NativeConstructorAccessorImpl.newInstance0(Native Method)
at java.base/jdk.internal.reflect.NativeConstructorAccessorImpl.newInstance(NativeConstructorAccessorImpl.java:77)
at java.base/jdk.internal.reflect.DelegatingConstructorAccessorImpl.newInstance(DelegatingConstructorAccessorImpl.java:45)
at java.base/java.lang.reflect.Constructor.newInstanceWithCaller(Constructor.java:499)
at java.base/java.lang.reflect.Constructor.newInstance(Constructor.java:480)
at org.openqa.selenium.remote.codec.w3c.W3CHttpResponseCodec.createException(W3CHttpResponseCodec.java:200)
at org.openqa.selenium.remote.codec.w3c.W3CHttpResponseCodec.decode(W3CHttpResponseCodec.java:133)
at org.openqa.selenium.remote.codec.w3c.W3CHttpResponseCodec.decode(W3CHttpResponseCodec.java:53)
at org.openqa.selenium.remote.HttpCommandExecutor.execute(HttpCommandExecutor.java:193)
at org.openqa.selenium.remote.service.DriverCommandExecutor.invokeExecute(DriverCommandExecutor.java:183)
at org.openqa.selenium.remote.service.DriverCommandExecutor.execute(DriverCommandExecutor.java:158)
at org.openqa.selenium.remote.RemoteWebDriver.execute(RemoteWebDriver.java:543)
at org.openqa.selenium.remote.ElementLocation$ElementFinder$2.findElement(ElementLocation.java:162)
at org.openqa.selenium.remote.ElementLocation.findElement(ElementLocation.java:66)
at org.openqa.selenium.remote.RemoteWebDriver.findElement(RemoteWebDriver.java:352)
at org.openqa.selenium.remote.RemoteWebDriver.findElement(RemoteWebDriver.java:344)
at com.login.functionality.LoginWithParametersFromTestNGxml.checkMenuReactButtonDisplayed(LoginWithParametersFromTestNGxml.java:59)
at com.login.functionality.LoginWithParametersFromTestNGxml.enterValidUsernameAndPassword(LoginWithParametersFromTestNGxml.java:113)
at java.base/jdk.internal.reflect.NativeMethodAccessorImpl.invoke0(Native Method)
at java.base/jdk.internal.reflect.NativeMethodAccessorImpl.invoke(NativeMethodAccessorImpl.java:77)
at java.base/jdk.internal.reflect.DelegatingMethodAccessorImpl.invoke(DelegatingMethodAccessorImpl.java:43)
at java.base/java.lang.reflect.Method.invoke(Method.java:568)
at org.testng.internal.MethodInvocationHelper.invokeMethod(MethodInvocationHelper.java:133)
at org.testng.internal.TestInvoker.invokeMethod(TestInvoker.java:598)
at org.testng.internal.TestInvoker.invokeTestMethod(TestInvoker.java:173)
at org.testng.internal.MethodRunner.runInSequence(MethodRunner.java:46)
at org.testng.internal.TestInvoker$MethodInvocationAgent.invoke(TestInvoker.java:824)
at org.testng.internal.TestInvoker.invokeTestMethods(TestInvoker.java:146)
at org.testng.internal.TestMethodWorker.invokeTestMethods(TestMethodWorker.java:146)
at org.testng.internal.TestMethodWorker.run(TestMethodWorker.java:128)
at java.base/java.util.ArrayList.forEach(ArrayList.java:1511)
at org.testng.TestRunner.privateRun(TestRunner.java:794)
at org.testng.TestRunner.run(TestRunner.java:596)
at org.testng.SuiteRunner.runTest(SuiteRunner.java:377)
at org.testng.SuiteRunner.runSequentially(SuiteRunner.java:371)
at org.testng.SuiteRunner.privateRun(SuiteRunner.java:332)
at org.testng.SuiteRunner.run(SuiteRunner.java:276)
at org.testng.SuiteRunnerWorker.runSuite(SuiteRunnerWorker.java:53)
at org.testng.SuiteRunnerWorker.run(SuiteRunnerWorker.java:96)
at org.testng.TestNG.runSuitesSequentially(TestNG.java:1212)
at org.testng.TestNG.runSuitesLocally(TestNG.java:1134)
at org.testng.TestNG.runSuites(TestNG.java:1063)
at org.testng.TestNG.run(TestNG.java:1031)
at org.testng.remote.AbstractRemoteTestNG.run(AbstractRemoteTestNG.java:115)
at org.testng.remote.RemoteTestNG.initAndRun(RemoteTestNG.java:251)
at org.testng.remote.RemoteTestNG.main(RemoteTestNG.java:77)
]]>
            </full-stacktrace>
          </exception> <!-- org.openqa.selenium.NoSuchElementException -->
          <reporter-output>
          </reporter-output>
        </test-method> <!-- enterValidUsernameAndPassword -->
        <test-method is-config="true" signature="tearDown()[pri:0, instance:com.login.functionality.LoginWithParametersFromTestNGxml@1184ab05]" started-at="2023-04-17T11:05:21 IST" name="tearDown" finished-at="2023-04-17T11:05:21 IST" duration-ms="125" status="PASS">
          <reporter-output>
          </reporter-output>
        </test-method> <!-- tearDown -->
      </class> <!-- com.login.functionality.LoginWithParametersFromTestNGxml -->
    </test> <!-- selecting the browser from Testng.xml -->
  </suite> <!-- selecting the browser from Testng.xml -->
</testng-results>
